<?xml version="1.0" encoding="UTF-8"?>
<testng-results ignored="0" total="1" passed="1" failed="0" skipped="0">
  <reporter-output>
  </reporter-output>
  <suite started-at="2022-08-23T22:14:40 IST" name="Suite" finished-at="2022-08-23T22:15:24 IST" duration-ms="43534">
    <groups>
    </groups>
    <test started-at="2022-08-23T22:14:40 IST" name="Test" finished-at="2022-08-23T22:15:24 IST" duration-ms="43534">
      <class name="com.Test.Test_002">
        <test-method is-config="true" signature="BS()[pri:0, instance:com.Test.Test_002@710636b0]" started-at="2022-08-23T22:14:39 IST" name="BS" finished-at="2022-08-23T22:14:40 IST" duration-ms="1679" status="PASS">
          <reporter-output>
          </reporter-output>
        </test-method> <!-- BS -->
        <test-method is-config="true" signature="BM()[pri:0, instance:com.Test.Test_002@710636b0]" started-at="2022-08-23T22:14:40 IST" name="BM" finished-at="2022-08-23T22:14:49 IST" duration-ms="8662" status="PASS">
          <reporter-output>
          </reporter-output>
        </test-method> <!-- BM -->
        <test-method signature="TC_0001()[pri:0, instance:com.Test.Test_002@710636b0]" started-at="2022-08-23T22:14:49 IST" name="TC_0001" finished-at="2022-08-23T22:14:55 IST" duration-ms="5469" status="PASS">
          <reporter-output>
          </reporter-output>
        </test-method> <!-- TC_0001 -->
        <test-method is-config="true" signature="AM()[pri:0, instance:com.Test.Test_002@710636b0]" started-at="2022-08-23T22:15:22 IST" name="AM" finished-at="2022-08-23T22:15:24 IST" duration-ms="2284" status="PASS">
          <reporter-output>
          </reporter-output>
        </test-method> <!-- AM -->
      </class> <!-- com.Test.Test_002 -->
    </test> <!-- Test -->
  </suite> <!-- Suite -->
</testng-results>
